2024-03-17 === [restartedMain] === INFO  === com.example.demo.SpringBootDemoApplication ==== Starting SpringBootDemoApplication using Java 21.0.1 with PID 13008 (C:\Users\yvonne\112project\test4\target\classes started by yvonne in C:\Users\yvonne\112project\test4)
2024-03-17 === [restartedMain] === INFO  === com.example.demo.SpringBootDemoApplication ==== No active profile set, falling back to 1 default profile: "default"
2024-03-17 === [restartedMain] === INFO  === o.s.b.d.env.DevToolsPropertyDefaultsPostProcessor ==== Devtools property defaults active! Set 'spring.devtools.add-properties' to 'false' to disable
2024-03-17 === [restartedMain] === INFO  === o.s.b.d.env.DevToolsPropertyDefaultsPostProcessor ==== For additional web related logging consider setting the 'logging.level.web' property to 'DEBUG'
2024-03-17 === [restartedMain] === INFO  === o.s.boot.web.embedded.tomcat.TomcatWebServer ==== Tomcat initialized with port(s): 8080 (http)
2024-03-17 === [restartedMain] === INFO  === org.apache.catalina.core.StandardService ==== Starting service [Tomcat]
2024-03-17 === [restartedMain] === INFO  === org.apache.catalina.core.StandardEngine ==== Starting Servlet engine: [Apache Tomcat/10.1.15]
2024-03-17 === [restartedMain] === INFO  === o.a.c.core.ContainerBase.[Tomcat].[localhost].[/] ==== Initializing Spring embedded WebApplicationContext
2024-03-17 === [restartedMain] === INFO  === o.s.b.w.s.c.ServletWebServerApplicationContext ==== Root WebApplicationContext: initialization completed in 1745 ms
2024-03-17 === [restartedMain] === INFO  === o.s.b.d.autoconfigure.OptionalLiveReloadServer ==== LiveReload server is running on port 35729
2024-03-17 === [restartedMain] === INFO  === o.s.boot.web.embedded.tomcat.TomcatWebServer ==== Tomcat started on port(s): 8080 (http) with context path ''
2024-03-17 === [restartedMain] === INFO  === com.example.demo.SpringBootDemoApplication ==== Started SpringBootDemoApplication in 3.689 seconds (process running for 4.144)
2024-03-17 === [http-nio-8080-exec-5] === INFO  === o.a.c.core.ContainerBase.[Tomcat].[localhost].[/] ==== Initializing Spring DispatcherServlet 'dispatcherServlet'
2024-03-17 === [http-nio-8080-exec-5] === INFO  === org.springframework.web.servlet.DispatcherServlet ==== Initializing Servlet 'dispatcherServlet'
2024-03-17 === [http-nio-8080-exec-5] === INFO  === org.springframework.web.servlet.DispatcherServlet ==== Completed initialization in 0 ms
2024-03-17 === [http-nio-8080-exec-5] === INFO  === com.example.demo.aop.UserAspect ==== 訪問 /login
2024-03-17 === [http-nio-8080-exec-5] === INFO  === com.example.demo.aop.UserAspect ==== 訪問 /login
2024-03-17 === [http-nio-8080-exec-5] === INFO  === com.example.demo.aop.UserAspect ==== Return: login
2024-03-17 === [http-nio-8080-exec-5] === INFO  === com.example.demo.aop.UserAspect ==== 訪問 /login
2024-03-17 === [http-nio-8080-exec-5] === INFO  === com.example.demo.aop.UserAspect ==== 訪問 /login Time spent: 11
2024-03-17 === [http-nio-8080-exec-8] === INFO  === com.example.demo.aop.UserAspect ==== 訪問 /doLogin
2024-03-17 === [http-nio-8080-exec-8] === INFO  === com.zaxxer.hikari.HikariDataSource ==== HikariPool-1 - Starting...
2024-03-17 === [http-nio-8080-exec-8] === INFO  === com.zaxxer.hikari.pool.HikariPool ==== HikariPool-1 - Added connection com.mysql.cj.jdbc.ConnectionImpl@1a197190
2024-03-17 === [http-nio-8080-exec-8] === INFO  === com.zaxxer.hikari.HikariDataSource ==== HikariPool-1 - Start completed.
2024-03-17 === [http-nio-8080-exec-8] === INFO  === com.example.demo.aop.UserAspect ==== 訪問 /doLogin
2024-03-17 === [http-nio-8080-exec-8] === INFO  === com.example.demo.aop.UserAspect ==== Return: redirect:search
2024-03-17 === [http-nio-8080-exec-8] === INFO  === com.example.demo.aop.UserAspect ==== 訪問 /doLogin
2024-03-17 === [http-nio-8080-exec-8] === INFO  === com.example.demo.aop.UserAspect ==== 訪問 /doLogin Time spent: 891
2024-03-17 === [http-nio-8080-exec-2] === WARN  === o.s.w.s.m.m.a.ExceptionHandlerExceptionResolver ==== Resolved [org.springframework.web.bind.MethodArgumentNotValidException: Validation failed for argument [0] in public java.lang.String com.example.demo.controller.IdNumberController.doSearch(com.example.demo.entity.Patient,jakarta.servlet.http.HttpSession): [Field error in object 'patient' on field 'idNumber': rejected value [A12]; codes [Pattern.patient.idNumber,Pattern.idNumber,Pattern.java.lang.String,Pattern]; arguments [org.springframework.context.support.DefaultMessageSourceResolvable: codes [patient.idNumber,idNumber]; arguments []; default message [idNumber],[Ljakarta.validation.constraints.Pattern$Flag;@18a232e9,^[A-Z]\d{9}$]; default message [英文為大寫且數字為9碼]] ]
2024-03-17 === [http-nio-8080-exec-1] === INFO  === com.example.demo.aop.UserAspect ==== 訪問 /logout
2024-03-17 === [http-nio-8080-exec-1] === INFO  === com.example.demo.aop.UserAspect ==== 訪問 /logout
2024-03-17 === [http-nio-8080-exec-1] === INFO  === com.example.demo.aop.UserAspect ==== Return: redirect:login
2024-03-17 === [http-nio-8080-exec-1] === INFO  === com.example.demo.aop.UserAspect ==== 訪問 /logout
2024-03-17 === [http-nio-8080-exec-1] === INFO  === com.example.demo.aop.UserAspect ==== 訪問 /logout Time spent: 10
2024-03-17 === [http-nio-8080-exec-7] === INFO  === com.example.demo.aop.UserAspect ==== 訪問 /login
2024-03-17 === [http-nio-8080-exec-7] === INFO  === com.example.demo.aop.UserAspect ==== 訪問 /login
2024-03-17 === [http-nio-8080-exec-7] === INFO  === com.example.demo.aop.UserAspect ==== Return: login
2024-03-17 === [http-nio-8080-exec-7] === INFO  === com.example.demo.aop.UserAspect ==== 訪問 /login
2024-03-17 === [http-nio-8080-exec-7] === INFO  === com.example.demo.aop.UserAspect ==== 訪問 /login Time spent: 3
